<?xml version="1.0" encoding="UTF-8"?>
<testng-results skipped="0" failed="0" ignored="0" total="1" passed="1">
  <reporter-output>
  </reporter-output>
  <suite name="Default suite" duration-ms="17227" started-at="2018-06-03T03:55:06Z" finished-at="2018-06-03T03:55:23Z">
    <groups>
    </groups>
    <test name="Default test" duration-ms="17227" started-at="2018-06-03T03:55:06Z" finished-at="2018-06-03T03:55:23Z">
      <class name="suite.sanity.s101SearchHomePage">
        <test-method status="PASS" signature="s101SearchHomePageTest()[pri:0, instance:suite.sanity.s101SearchHomePage@6767c1fc]" name="s101SearchHomePageTest" duration-ms="16349" started-at="2018-06-02T23:55:06Z" finished-at="2018-06-02T23:55:22Z">
          <reporter-output>
          </reporter-output>
        </test-method> <!-- s101SearchHomePageTest -->
      </class> <!-- suite.sanity.s101SearchHomePage -->
    </test> <!-- Default test -->
  </suite> <!-- Default suite -->
</testng-results>
